<?xml version="1.0" encoding="UTF-8"?>
<testsuite xmlns:xsi="http://www.w3.org/2001/XMLSchema-instance" xsi:noNamespaceSchemaLocation="https://maven.apache.org/surefire/maven-surefire-plugin/xsd/surefire-test-report-3.0.xsd" version="3.0" name="TestSuite" time="17.339" tests="2" errors="0" skipped="0" failures="0">
  <properties>
[...]
</properties>
  <testcase name="runScenario[&quot;Check access url login page&quot;, &quot;Login Page&quot;](1)" classname="com.prollo.testrunner.TestRun" time="9.885">
    <system-out><![CDATA[
Scenario Outline: Check access url login page                                       &amp#27;[90m# src/main/resources/features/01.Login.feature:8&amp#27;[0m
  &amp#27;[32mGiven &amp#27;[0m&amp#27;[32mInput url web prollo &amp#27;[0m&amp#27;[32m&amp#27;[1m"https://dev.dikahadir.com/xpipe/authentication/login"&amp#27;[0m &amp#27;[90m# com.prollo.stepdefinitions.TestLogin.input_url_web_prollo(java.lang.String)&amp#27;[0m
]]></system-out>
    <system-err><![CDATA[SLF4J: Failed to load class "org.slf4j.impl.StaticLoggerBinder".
SLF4J: Defaulting to no-operation (NOP) logger implementation
SLF4J: See http://www.slf4j.org/codes.html#StaticLoggerBinder for further details.
1722327282168	geckodriver	INFO	Listening on 127.0.0.1:29108
1722327282369	mozrunner::runner	INFO	Running command: "C:\\Program Files\\Mozilla Firefox\\firefox.exe" "--marionette" "-no-remote" "-profile" "C:\\Users\\sqa_d\\AppData\\Local\\Temp\\rust_mozprofileucm8TX"
console.warn: services.settings: Ignoring preference override of remote settings server
console.warn: services.settings: Allow by setting MOZ_REMOTE_SETTINGS_DEVTOOLS=1 in the environment
1722327283061	Marionette	INFO	Marionette enabled
Dynamically enable window occlusion 0
1722327283624	Marionette	INFO	Listening on port 50153
Read port: 50153
1722327283865	RemoteAgent	WARN	TLS certificate errors will be ignored for this session
Jul 30, 2024 3:14:45 PM org.openqa.selenium.remote.ProtocolHandshake createSession
INFO: Detected dialect: W3C
]]></system-err>
  </testcase>
  <testcase name="runScenario[&quot;Check login page&quot;, &quot;Login Page&quot;](2)" classname="com.prollo.testrunner.TestRun" time="2.73">
    <system-out><![CDATA[  &amp#27;[32mThen &amp#27;[0m&amp#27;[32mMenampilkan halaman login &amp#27;[0m&amp#27;[32m&amp#27;[1m"Prolog"&amp#27;[0m                                           &amp#27;[90m# com.prollo.stepdefinitions.TestLogin.menampilkan_halaman_login(java.lang.String)&amp#27;[0m

Scenario Outline: Check login page                                             &amp#27;[90m# src/main/resources/features/01.Login.feature:23&amp#27;[0m
  &amp#27;[32mWhen &amp#27;[0m&amp#27;[32mUser input nik &amp#27;[0m&amp#27;[32m&amp#27;[1m"D6211116"&amp#27;[0m                                               &amp#27;[90m# com.prollo.stepdefinitions.TestLogin.user_input_nik(java.lang.String)&amp#27;[0m
  &amp#27;[32mAnd &amp#27;[0m&amp#27;[32mUser input password &amp#27;[0m&amp#27;[32m&amp#27;[1m"123"&amp#27;[0m                                                &amp#27;[90m# com.prollo.stepdefinitions.TestLogin.user_input_password(java.lang.String)&amp#27;[0m
  &amp#27;[32mAnd &amp#27;[0m&amp#27;[32mKlik tombol Sign In&amp#27;[0m                                                      &amp#27;[90m# com.prollo.stepdefinitions.TestLogin.klik_tombol_sign_in()&amp#27;[0m
]]></system-out>
    <system-err><![CDATA[console.warn: LoginRecipes: "Falling back to a synchronous message for: https://dev.dikahadir.com."
console.warn: LoginRecipes: "Falling back to a synchronous message for: https://dev.dikahadir.com."
]]></system-err>
  </testcase>
</testsuite>