<?xml version="1.0" encoding="UTF-8"?>
<testng-results ignored="0" total="2" passed="2" failed="0" skipped="0">
  <reporter-output>
  </reporter-output>
  <suite started-at="2024-07-30T15:14:40 WIB" name="Surefire suite" finished-at="2024-07-30T15:14:56 WIB" duration-ms="16817">
    <groups>
      <group name="cucumber">
        <method signature="AbstractTestNGCucumberTests.runScenario(io.cucumber.testng.PickleWrapper,io.cucumber.testng.FeatureWrapper)[pri:0, instance:com.prollo.testrunner.TestRun@291ae]" name="runScenario" class="io.cucumber.testng.AbstractTestNGCucumberTests"/>
      </group> <!-- cucumber -->
    </groups>
    <test started-at="2024-07-30T15:14:40 WIB" name="Surefire test" finished-at="2024-07-30T15:14:56 WIB" duration-ms="16817">
      <class name="com.prollo.testrunner.TestRun">
        <test-method is-config="true" signature="setUpClass(org.testng.ITestContext)[pri:0, instance:com.prollo.testrunner.TestRun@291ae]" started-at="2024-07-30T15:14:40 WIB" name="setUpClass" finished-at="2024-07-30T15:14:40 WIB" duration-ms="656" status="PASS">
          <params>
            <param index="0">
              <value>
                <![CDATA[org.testng.TestRunner@d613308]]>
              </value>
            </param>
          </params>
          <reporter-output>
          </reporter-output>
        </test-method> <!-- setUpClass -->
        <test-method signature="runScenario(io.cucumber.testng.PickleWrapper,io.cucumber.testng.FeatureWrapper)[pri:0, instance:com.prollo.testrunner.TestRun@291ae]" started-at="2024-07-30T15:14:40 WIB" name="runScenario" description="Runs Cucumber Scenarios" data-provider="scenarios" finished-at="2024-07-30T15:14:50 WIB" duration-ms="9879" status="PASS">
          <params>
            <param index="0">
              <value>
                <![CDATA["Check access url login page"]]>
              </value>
            </param>
            <param index="1">
              <value>
                <![CDATA["Login Page"]]>
              </value>
            </param>
          </params>
          <reporter-output>
          </reporter-output>
        </test-method> <!-- runScenario -->
        <test-method signature="runScenario(io.cucumber.testng.PickleWrapper,io.cucumber.testng.FeatureWrapper)[pri:0, instance:com.prollo.testrunner.TestRun@291ae]" started-at="2024-07-30T15:14:50 WIB" name="runScenario" description="Runs Cucumber Scenarios" data-provider="scenarios" finished-at="2024-07-30T15:14:53 WIB" duration-ms="2732" status="PASS">
          <params>
            <param index="0">
              <value>
                <![CDATA["Check login page"]]>
              </value>
            </param>
            <param index="1">
              <value>
                <![CDATA["Login Page"]]>
              </value>
            </param>
          </params>
          <reporter-output>
          </reporter-output>
        </test-method> <!-- runScenario -->
        <test-method is-config="true" signature="tearDownClass()[pri:0, instance:com.prollo.testrunner.TestRun@291ae]" started-at="2024-07-30T15:14:53 WIB" name="tearDownClass" finished-at="2024-07-30T15:14:56 WIB" duration-ms="3492" status="PASS">
          <reporter-output>
          </reporter-output>
        </test-method> <!-- tearDownClass -->
      </class> <!-- com.prollo.testrunner.TestRun -->
    </test> <!-- Surefire test -->
  </suite> <!-- Surefire suite -->
</testng-results>
