[{"line":1,"elements":[{"start_timestamp":"2024-06-30T04:33:52.781Z","before":[{"result":{"duration":2917156300,"status":"passed"},"match":{"location":"com.prollo.hooks.Hooks.setUp()"}}],"line":8,"name":"Check access url login page","description":"","id":"login-page;check-access-url-login-page;;2","after":[{"result":{"duration":203621800,"status":"passed"},"match":{"location":"com.prollo.hooks.Hooks.endTestClass()"}}],"type":"scenario","keyword":"Scenario Outline","steps":[{"result":{"duration":2486838700,"status":"passed"},"line":4,"name":"Input url web prollo \"https://dev.dikahadir.com/xpipe/authentication/login\"","match":{"arguments":[{"val":"\"https://dev.dikahadir.com/xpipe/authentication/login\"","offset":21}],"location":"com.prollo.stepdefinitions.TestLogin.input_url_web_prollo(java.lang.String)"},"after":[{"result":{"duration":3203600,"status":"passed"},"match":{"location":"com.prollo.hooks.Hooks.getResultStatus(io.cucumber.java.Scenario)"}}],"keyword":"Given "},{"result":{"duration":16878000,"status":"passed"},"line":5,"name":"Menampilkan halaman login \"Prolog\"","match":{"arguments":[{"val":"\"Prolog\"","offset":26}],"location":"com.prollo.stepdefinitions.TestLogin.menampilkan_halaman_login(java.lang.String)"},"after":[{"result":{"status":"passed"},"match":{"location":"com.prollo.hooks.Hooks.getResultStatus(io.cucumber.java.Scenario)"}}],"keyword":"Then "}]},{"start_timestamp":"2024-06-30T04:33:58.462Z","before":[{"result":{"status":"passed"},"match":{"location":"com.prollo.hooks.Hooks.setUp()"}}],"line":23,"name":"Check login page","description":"","id":"login-page;check-login-page;;2","after":[{"result":{"duration":56294400,"status":"passed"},"match":{"location":"com.prollo.hooks.Hooks.endTestClass()"}}],"type":"scenario","keyword":"Scenario Outline","steps":[{"result":{"duration":153256100,"status":"passed"},"line":11,"name":"User input nik \"D6211116\"","match":{"arguments":[{"val":"\"D6211116\"","offset":15}],"location":"com.prollo.stepdefinitions.TestLogin.user_input_nik(java.lang.String)"},"after":[{"result":{"status":"passed"},"match":{"location":"com.prollo.hooks.Hooks.getResultStatus(io.cucumber.java.Scenario)"}}],"keyword":"When "},{"result":{"duration":55738800,"status":"passed"},"line":12,"name":"User input password \"123\"","match":{"arguments":[{"val":"\"123\"","offset":20}],"location":"com.prollo.stepdefinitions.TestLogin.user_input_password(java.lang.String)"},"after":[{"result":{"status":"passed"},"match":{"location":"com.prollo.hooks.Hooks.getResultStatus(io.cucumber.java.Scenario)"}}],"keyword":"And "},{"result":{"duration":1248482400,"status":"passed"},"line":13,"name":"Klik tombol Sign In","match":{"location":"com.prollo.stepdefinitions.TestLogin.klik_tombol_sign_in()"},"after":[{"result":{"status":"passed"},"match":{"location":"com.prollo.hooks.Hooks.getResultStatus(io.cucumber.java.Scenario)"}}],"keyword":"And "},{"result":{"duration":1037168000,"status":"passed"},"line":14,"name":"Berhasil login dan menampilkan halaman dashboard \"Prolog\" \"valid login\"","match":{"arguments":[{"val":"\"Prolog\"","offset":49},{"val":"\"valid login\"","offset":58}],"location":"com.prollo.stepdefinitions.TestLogin.berhasil_login_dan_menampilkan_halaman_dashboard(java.lang.String,java.lang.String)"},"after":[{"result":{"status":"passed"},"match":{"location":"com.prollo.hooks.Hooks.getResultStatus(io.cucumber.java.Scenario)"}}],"keyword":"Then "}]}],"name":"Login Page","description":"","id":"login-page","keyword":"Feature","uri":"file:src/main/resources/features/01.Login.feature","tags":[]},{"line":1,"elements":[{"start_timestamp":"2024-06-30T04:34:01.060Z","before":[{"result":{"status":"passed"},"match":{"location":"com.prollo.hooks.Hooks.setUp()"}}],"line":12,"name":"Check Total Progress Summary","description":"","id":"dashboard-page;check-total-progress-summary;;2","after":[{"result":{"duration":27838100,"status":"passed"},"match":{"location":"com.prollo.hooks.Hooks.endTestClass()"}}],"type":"scenario","keyword":"Scenario Outline","steps":[{"result":{"duration":1266438100,"status":"passed"},"line":4,"name":"click menu dashboard","match":{"location":"com.prollo.stepdefinitions.TestDashboard.click_menu_dashboard()"},"after":[{"result":{"duration":5214600,"status":"passed"},"match":{"location":"com.prollo.hooks.Hooks.getResultStatus(io.cucumber.java.Scenario)"}}],"keyword":"When "},{"result":{"duration":1324585100,"status":"passed"},"line":5,"name":"click summary progress \"Prospect\"","match":{"arguments":[{"val":"\"Prospect\"","offset":23}],"location":"com.prollo.stepdefinitions.TestDashboard.click_summary_progress(java.lang.String)"},"after":[{"result":{"status":"passed"},"match":{"location":"com.prollo.hooks.Hooks.getResultStatus(io.cucumber.java.Scenario)"}}],"keyword":"When "},{"result":{"error_message":"java.lang.AssertionError: expected [10] but found [0]\r\n\tat org.testng.Assert.fail(Assert.java:110)\r\n\tat org.testng.Assert.failNotEquals(Assert.java:1413)\r\n\tat org.testng.Assert.assertEqualsImpl(Assert.java:149)\r\n\tat org.testng.Assert.assertEquals(Assert.java:131)\r\n\tat org.testng.Assert.assertEquals(Assert.java:1240)\r\n\tat org.testng.Assert.assertEquals(Assert.java:1274)\r\n\tat com.prollo.stepdefinitions.TestDashboard.make_sure_the_total_summary_is_the_same_as_the_total_list_data(TestDashboard.java:79)\r\n\tat ✽.make sure the total summary is the same as the total list data \"Prospect\"(file:///D:/Automation/Project_Prollo/src/main/resources/features/02.Dashboard.feature:6)\r\n","duration":13088095900,"status":"failed"},"line":6,"name":"make sure the total summary is the same as the total list data \"Prospect\"","match":{"arguments":[{"val":"\"Prospect\"","offset":63}],"location":"com.prollo.stepdefinitions.TestDashboard.make_sure_the_total_summary_is_the_same_as_the_total_list_data(java.lang.String)"},"after":[{"result":{"duration":91542600,"status":"passed"},"match":{"location":"com.prollo.hooks.Hooks.getResultStatus(io.cucumber.java.Scenario)"}}],"keyword":"Then "},{"result":{"status":"skipped"},"line":7,"name":"select and click one of the data in the list","match":{"location":"com.prollo.stepdefinitions.TestDashboard.select_and_click_one_of_the_data_in_the_list()"},"after":[{"result":{"status":"skipped"},"match":{"location":"com.prollo.hooks.Hooks.getResultStatus(io.cucumber.java.Scenario)"}}],"keyword":"When "},{"result":{"status":"skipped"},"line":8,"name":"check detailed prospect data","match":{"location":"com.prollo.stepdefinitions.TestDashboard.check_detailed_prospect_data()"},"after":[{"result":{"status":"skipped"},"match":{"location":"com.prollo.hooks.Hooks.getResultStatus(io.cucumber.java.Scenario)"}}],"keyword":"Then "}]},{"start_timestamp":"2024-06-30T04:34:16.902Z","before":[{"result":{"status":"passed"},"match":{"location":"com.prollo.hooks.Hooks.setUp()"}}],"line":13,"name":"Check Total Progress Summary","description":"","id":"dashboard-page;check-total-progress-summary;;3","after":[{"result":{"duration":21492000,"status":"passed"},"match":{"location":"com.prollo.hooks.Hooks.endTestClass()"}}],"type":"scenario","keyword":"Scenario Outline","steps":[{"result":{"duration":1376274300,"status":"passed"},"line":4,"name":"click menu dashboard","match":{"location":"com.prollo.stepdefinitions.TestDashboard.click_menu_dashboard()"},"after":[{"result":{"status":"passed"},"match":{"location":"com.prollo.hooks.Hooks.getResultStatus(io.cucumber.java.Scenario)"}}],"keyword":"When "},{"result":{"error_message":"org.openqa.selenium.NoSuchElementException: Unable to locate element: //div[@class='progress__sumary__item css-eq3fzu']//div[@class='css-xyj9qw']\nFor documentation on this error, please visit: https://www.seleniumhq.org/exceptions/no_such_element.html\nBuild info: version: '3.141.59', revision: 'e82be7d358', time: '2018-11-14T08:17:03'\nSystem info: host: 'LP-UBAI-PROG', ip: '192.168.1.13', os.name: 'Windows 11', os.arch: 'amd64', os.version: '10.0', java.version: '17.0.5'\nDriver info: org.openqa.selenium.firefox.FirefoxDriver\nCapabilities {acceptInsecureCerts: true, browserName: firefox, browserVersion: 125.0.3, javascriptEnabled: true, moz:accessibilityChecks: false, moz:buildID: 20240425211020, moz:geckodriverVersion: 0.33.0, moz:headless: false, moz:platformVersion: 10.0, moz:processID: 24312, moz:profile: C:\\Users\\sqa_d\\AppData\\Loca..., moz:shutdownTimeout: 60000, moz:webdriverClick: true, moz:windowless: false, pageLoadStrategy: normal, platform: WINDOWS, platformName: WINDOWS, proxy: Proxy(), setWindowRect: true, strictFileInteractability: false, timeouts: {implicit: 0, pageLoad: 300000, script: 30000}, unhandledPromptBehavior: dismiss and notify, userAgent: Mozilla/5.0 (Windows NT 10....}\nSession ID: a9690b09-3127-4fe3-a72e-16b8e1ecdf65\n*** Element info: {Using=xpath, value=//div[@class='progress__sumary__item css-eq3fzu']//div[@class='css-xyj9qw']}\r\n\tat java.base/jdk.internal.reflect.NativeConstructorAccessorImpl.newInstance0(Native Method)\r\n\tat java.base/jdk.internal.reflect.NativeConstructorAccessorImpl.newInstance(NativeConstructorAccessorImpl.java:77)\r\n\tat java.base/jdk.internal.reflect.DelegatingConstructorAccessorImpl.newInstance(DelegatingConstructorAccessorImpl.java:45)\r\n\tat java.base/java.lang.reflect.Constructor.newInstanceWithCaller(Constructor.java:499)\r\n\tat java.base/java.lang.reflect.Constructor.newInstance(Constructor.java:480)\r\n\tat org.openqa.selenium.remote.http.W3CHttpResponseCodec.createException(W3CHttpResponseCodec.java:187)\r\n\tat org.openqa.selenium.remote.http.W3CHttpResponseCodec.decode(W3CHttpResponseCodec.java:122)\r\n\tat org.openqa.selenium.remote.http.W3CHttpResponseCodec.decode(W3CHttpResponseCodec.java:49)\r\n\tat org.openqa.selenium.remote.HttpCommandExecutor.execute(HttpCommandExecutor.java:158)\r\n\tat org.openqa.selenium.remote.service.DriverCommandExecutor.execute(DriverCommandExecutor.java:83)\r\n\tat org.openqa.selenium.remote.RemoteWebDriver.execute(RemoteWebDriver.java:552)\r\n\tat org.openqa.selenium.remote.RemoteWebDriver.findElement(RemoteWebDriver.java:323)\r\n\tat org.openqa.selenium.remote.RemoteWebDriver.findElementByXPath(RemoteWebDriver.java:428)\r\n\tat org.openqa.selenium.By$ByXPath.findElement(By.java:353)\r\n\tat org.openqa.selenium.remote.RemoteWebDriver.findElement(RemoteWebDriver.java:315)\r\n\tat org.openqa.selenium.support.pagefactory.DefaultElementLocator.findElement(DefaultElementLocator.java:69)\r\n\tat org.openqa.selenium.support.pagefactory.internal.LocatingElementHandler.invoke(LocatingElementHandler.java:38)\r\n\tat jdk.proxy2/jdk.proxy2.$Proxy25.click(Unknown Source)\r\n\tat com.prollo.pages.DashboardPage.clickShareCompro(DashboardPage.java:62)\r\n\tat com.prollo.stepdefinitions.TestDashboard.click_summary_progress(TestDashboard.java:41)\r\n\tat ✽.click summary progress \"Share Compro\"(file:///D:/Automation/Project_Prollo/src/main/resources/features/02.Dashboard.feature:5)\r\n","duration":11039966800,"status":"failed"},"line":5,"name":"click summary progress \"Share Compro\"","match":{"arguments":[{"val":"\"Share Compro\"","offset":23}],"location":"com.prollo.stepdefinitions.TestDashboard.click_summary_progress(java.lang.String)"},"after":[{"result":{"duration":121702500,"status":"passed"},"match":{"location":"com.prollo.hooks.Hooks.getResultStatus(io.cucumber.java.Scenario)"}}],"keyword":"When "},{"result":{"status":"skipped"},"line":6,"name":"make sure the total summary is the same as the total list data \"Share Compro\"","match":{"arguments":[{"val":"\"Share Compro\"","offset":63}],"location":"com.prollo.stepdefinitions.TestDashboard.make_sure_the_total_summary_is_the_same_as_the_total_list_data(java.lang.String)"},"after":[{"result":{"status":"skipped"},"match":{"location":"com.prollo.hooks.Hooks.getResultStatus(io.cucumber.java.Scenario)"}}],"keyword":"Then "},{"result":{"status":"skipped"},"line":7,"name":"select and click one of the data in the list","match":{"location":"com.prollo.stepdefinitions.TestDashboard.select_and_click_one_of_the_data_in_the_list()"},"after":[{"result":{"status":"skipped"},"match":{"location":"com.prollo.hooks.Hooks.getResultStatus(io.cucumber.java.Scenario)"}}],"keyword":"When "},{"result":{"status":"skipped"},"line":8,"name":"check detailed prospect data","match":{"location":"com.prollo.stepdefinitions.TestDashboard.check_detailed_prospect_data()"},"after":[{"result":{"status":"skipped"},"match":{"location":"com.prollo.hooks.Hooks.getResultStatus(io.cucumber.java.Scenario)"}}],"keyword":"Then "}]},{"start_timestamp":"2024-06-30T04:34:29.486Z","before":[{"result":{"status":"passed"},"match":{"location":"com.prollo.hooks.Hooks.setUp()"}}],"line":14,"name":"Check Total Progress Summary","description":"","id":"dashboard-page;check-total-progress-summary;;4","after":[{"result":{"duration":37347800,"status":"passed"},"match":{"location":"com.prollo.hooks.Hooks.endTestClass()"}}],"type":"scenario","keyword":"Scenario Outline","steps":[{"result":{"duration":1317831900,"status":"passed"},"line":4,"name":"click menu dashboard","match":{"location":"com.prollo.stepdefinitions.TestDashboard.click_menu_dashboard()"},"after":[{"result":{"status":"passed"},"match":{"location":"com.prollo.hooks.Hooks.getResultStatus(io.cucumber.java.Scenario)"}}],"keyword":"When "},{"result":{"error_message":"org.openqa.selenium.NoSuchElementException: Unable to locate element: //div[@class='progress__sumary__item css-65qob5']//div[@class='css-xyj9qw']\nFor documentation on this error, please visit: https://www.seleniumhq.org/exceptions/no_such_element.html\nBuild info: version: '3.141.59', revision: 'e82be7d358', time: '2018-11-14T08:17:03'\nSystem info: host: 'LP-UBAI-PROG', ip: '192.168.1.13', os.name: 'Windows 11', os.arch: 'amd64', os.version: '10.0', java.version: '17.0.5'\nDriver info: org.openqa.selenium.firefox.FirefoxDriver\nCapabilities {acceptInsecureCerts: true, browserName: firefox, browserVersion: 125.0.3, javascriptEnabled: true, moz:accessibilityChecks: false, moz:buildID: 20240425211020, moz:geckodriverVersion: 0.33.0, moz:headless: false, moz:platformVersion: 10.0, moz:processID: 24312, moz:profile: C:\\Users\\sqa_d\\AppData\\Loca..., moz:shutdownTimeout: 60000, moz:webdriverClick: true, moz:windowless: false, pageLoadStrategy: normal, platform: WINDOWS, platformName: WINDOWS, proxy: Proxy(), setWindowRect: true, strictFileInteractability: false, timeouts: {implicit: 0, pageLoad: 300000, script: 30000}, unhandledPromptBehavior: dismiss and notify, userAgent: Mozilla/5.0 (Windows NT 10....}\nSession ID: a9690b09-3127-4fe3-a72e-16b8e1ecdf65\n*** Element info: {Using=xpath, value=//div[@class='progress__sumary__item css-65qob5']//div[@class='css-xyj9qw']}\r\n\tat java.base/jdk.internal.reflect.NativeConstructorAccessorImpl.newInstance0(Native Method)\r\n\tat java.base/jdk.internal.reflect.NativeConstructorAccessorImpl.newInstance(NativeConstructorAccessorImpl.java:77)\r\n\tat java.base/jdk.internal.reflect.DelegatingConstructorAccessorImpl.newInstance(DelegatingConstructorAccessorImpl.java:45)\r\n\tat java.base/java.lang.reflect.Constructor.newInstanceWithCaller(Constructor.java:499)\r\n\tat java.base/java.lang.reflect.Constructor.newInstance(Constructor.java:480)\r\n\tat org.openqa.selenium.remote.http.W3CHttpResponseCodec.createException(W3CHttpResponseCodec.java:187)\r\n\tat org.openqa.selenium.remote.http.W3CHttpResponseCodec.decode(W3CHttpResponseCodec.java:122)\r\n\tat org.openqa.selenium.remote.http.W3CHttpResponseCodec.decode(W3CHttpResponseCodec.java:49)\r\n\tat org.openqa.selenium.remote.HttpCommandExecutor.execute(HttpCommandExecutor.java:158)\r\n\tat org.openqa.selenium.remote.service.DriverCommandExecutor.execute(DriverCommandExecutor.java:83)\r\n\tat org.openqa.selenium.remote.RemoteWebDriver.execute(RemoteWebDriver.java:552)\r\n\tat org.openqa.selenium.remote.RemoteWebDriver.findElement(RemoteWebDriver.java:323)\r\n\tat org.openqa.selenium.remote.RemoteWebDriver.findElementByXPath(RemoteWebDriver.java:428)\r\n\tat org.openqa.selenium.By$ByXPath.findElement(By.java:353)\r\n\tat org.openqa.selenium.remote.RemoteWebDriver.findElement(RemoteWebDriver.java:315)\r\n\tat org.openqa.selenium.support.pagefactory.DefaultElementLocator.findElement(DefaultElementLocator.java:69)\r\n\tat org.openqa.selenium.support.pagefactory.internal.LocatingElementHandler.invoke(LocatingElementHandler.java:38)\r\n\tat jdk.proxy2/jdk.proxy2.$Proxy25.click(Unknown Source)\r\n\tat com.prollo.pages.DashboardPage.clickInitialMeeting(DashboardPage.java:66)\r\n\tat com.prollo.stepdefinitions.TestDashboard.click_summary_progress(TestDashboard.java:50)\r\n\tat ✽.click summary progress \"Initial Meeting\"(file:///D:/Automation/Project_Prollo/src/main/resources/features/02.Dashboard.feature:5)\r\n","duration":11028317400,"status":"failed"},"line":5,"name":"click summary progress \"Initial Meeting\"","match":{"arguments":[{"val":"\"Initial Meeting\"","offset":23}],"location":"com.prollo.stepdefinitions.TestDashboard.click_summary_progress(java.lang.String)"},"after":[{"result":{"duration":144667700,"status":"passed"},"match":{"location":"com.prollo.hooks.Hooks.getResultStatus(io.cucumber.java.Scenario)"}}],"keyword":"When "},{"result":{"status":"skipped"},"line":6,"name":"make sure the total summary is the same as the total list data \"Initial Meeting\"","match":{"arguments":[{"val":"\"Initial Meeting\"","offset":63}],"location":"com.prollo.stepdefinitions.TestDashboard.make_sure_the_total_summary_is_the_same_as_the_total_list_data(java.lang.String)"},"after":[{"result":{"status":"skipped"},"match":{"location":"com.prollo.hooks.Hooks.getResultStatus(io.cucumber.java.Scenario)"}}],"keyword":"Then "},{"result":{"status":"skipped"},"line":7,"name":"select and click one of the data in the list","match":{"location":"com.prollo.stepdefinitions.TestDashboard.select_and_click_one_of_the_data_in_the_list()"},"after":[{"result":{"duration":1041200,"status":"skipped"},"match":{"location":"com.prollo.hooks.Hooks.getResultStatus(io.cucumber.java.Scenario)"}}],"keyword":"When "},{"result":{"status":"skipped"},"line":8,"name":"check detailed prospect data","match":{"location":"com.prollo.stepdefinitions.TestDashboard.check_detailed_prospect_data()"},"after":[{"result":{"status":"skipped"},"match":{"location":"com.prollo.hooks.Hooks.getResultStatus(io.cucumber.java.Scenario)"}}],"keyword":"Then "}]},{"start_timestamp":"2024-06-30T04:34:42.035Z","before":[{"result":{"status":"passed"},"match":{"location":"com.prollo.hooks.Hooks.setUp()"}}],"line":15,"name":"Check Total Progress Summary","description":"","id":"dashboard-page;check-total-progress-summary;;5","after":[{"result":{"duration":28921300,"status":"passed"},"match":{"location":"com.prollo.hooks.Hooks.endTestClass()"}}],"type":"scenario","keyword":"Scenario Outline","steps":[{"result":{"duration":1258138800,"status":"passed"},"line":4,"name":"click menu dashboard","match":{"location":"com.prollo.stepdefinitions.TestDashboard.click_menu_dashboard()"},"after":[{"result":{"status":"passed"},"match":{"location":"com.prollo.hooks.Hooks.getResultStatus(io.cucumber.java.Scenario)"}}],"keyword":"When "},{"result":{"error_message":"org.openqa.selenium.WebDriverException: TypeError: browsingContext.currentWindowGlobal is null\nBuild info: version: '3.141.59', revision: 'e82be7d358', time: '2018-11-14T08:17:03'\nSystem info: host: 'LP-UBAI-PROG', ip: '192.168.1.13', os.name: 'Windows 11', os.arch: 'amd64', os.version: '10.0', java.version: '17.0.5'\nDriver info: org.openqa.selenium.firefox.FirefoxDriver\nCapabilities {acceptInsecureCerts: true, browserName: firefox, browserVersion: 125.0.3, javascriptEnabled: true, moz:accessibilityChecks: false, moz:buildID: 20240425211020, moz:geckodriverVersion: 0.33.0, moz:headless: false, moz:platformVersion: 10.0, moz:processID: 24312, moz:profile: C:\\Users\\sqa_d\\AppData\\Loca..., moz:shutdownTimeout: 60000, moz:webdriverClick: true, moz:windowless: false, pageLoadStrategy: normal, platform: WINDOWS, platformName: WINDOWS, proxy: Proxy(), setWindowRect: true, strictFileInteractability: false, timeouts: {implicit: 0, pageLoad: 300000, script: 30000}, unhandledPromptBehavior: dismiss and notify, userAgent: Mozilla/5.0 (Windows NT 10....}\nSession ID: a9690b09-3127-4fe3-a72e-16b8e1ecdf65\n*** Element info: {Using=xpath, value=//div[@class='progress__sumary__item css-1g6pzlk']//div[@class='css-xyj9qw']}\r\n\tat java.base/jdk.internal.reflect.NativeConstructorAccessorImpl.newInstance0(Native Method)\r\n\tat java.base/jdk.internal.reflect.NativeConstructorAccessorImpl.newInstance(NativeConstructorAccessorImpl.java:77)\r\n\tat java.base/jdk.internal.reflect.DelegatingConstructorAccessorImpl.newInstance(DelegatingConstructorAccessorImpl.java:45)\r\n\tat java.base/java.lang.reflect.Constructor.newInstanceWithCaller(Constructor.java:499)\r\n\tat java.base/java.lang.reflect.Constructor.newInstance(Constructor.java:480)\r\n\tat org.openqa.selenium.remote.http.W3CHttpResponseCodec.createException(W3CHttpResponseCodec.java:187)\r\n\tat org.openqa.selenium.remote.http.W3CHttpResponseCodec.decode(W3CHttpResponseCodec.java:122)\r\n\tat org.openqa.selenium.remote.http.W3CHttpResponseCodec.decode(W3CHttpResponseCodec.java:49)\r\n\tat org.openqa.selenium.remote.HttpCommandExecutor.execute(HttpCommandExecutor.java:158)\r\n\tat org.openqa.selenium.remote.service.DriverCommandExecutor.execute(DriverCommandExecutor.java:83)\r\n\tat org.openqa.selenium.remote.RemoteWebDriver.execute(RemoteWebDriver.java:552)\r\n\tat org.openqa.selenium.remote.RemoteWebDriver.findElement(RemoteWebDriver.java:323)\r\n\tat org.openqa.selenium.remote.RemoteWebDriver.findElementByXPath(RemoteWebDriver.java:428)\r\n\tat org.openqa.selenium.By$ByXPath.findElement(By.java:353)\r\n\tat org.openqa.selenium.remote.RemoteWebDriver.findElement(RemoteWebDriver.java:315)\r\n\tat org.openqa.selenium.support.pagefactory.DefaultElementLocator.findElement(DefaultElementLocator.java:69)\r\n\tat org.openqa.selenium.support.pagefactory.internal.LocatingElementHandler.invoke(LocatingElementHandler.java:38)\r\n\tat jdk.proxy2/jdk.proxy2.$Proxy25.click(Unknown Source)\r\n\tat com.prollo.pages.DashboardPage.clickClientAssessment(DashboardPage.java:70)\r\n\tat com.prollo.stepdefinitions.TestDashboard.click_summary_progress(TestDashboard.java:44)\r\n\tat ✽.click summary progress \"Client Assessment\"(file:///D:/Automation/Project_Prollo/src/main/resources/features/02.Dashboard.feature:5)\r\n","duration":3215317300,"status":"failed"},"line":5,"name":"click summary progress \"Client Assessment\"","match":{"arguments":[{"val":"\"Client Assessment\"","offset":23}],"location":"com.prollo.stepdefinitions.TestDashboard.click_summary_progress(java.lang.String)"},"after":[{"result":{"error_message":"org.openqa.selenium.NoSuchWindowException: Browsing context has been discarded\nBuild info: version: '3.141.59', revision: 'e82be7d358', time: '2018-11-14T08:17:03'\nSystem info: host: 'LP-UBAI-PROG', ip: '192.168.1.13', os.name: 'Windows 11', os.arch: 'amd64', os.version: '10.0', java.version: '17.0.5'\nDriver info: org.openqa.selenium.firefox.FirefoxDriver\nCapabilities {acceptInsecureCerts: true, browserName: firefox, browserVersion: 125.0.3, javascriptEnabled: true, moz:accessibilityChecks: false, moz:buildID: 20240425211020, moz:geckodriverVersion: 0.33.0, moz:headless: false, moz:platformVersion: 10.0, moz:processID: 24312, moz:profile: C:\\Users\\sqa_d\\AppData\\Loca..., moz:shutdownTimeout: 60000, moz:webdriverClick: true, moz:windowless: false, pageLoadStrategy: normal, platform: WINDOWS, platformName: WINDOWS, proxy: Proxy(), setWindowRect: true, strictFileInteractability: false, timeouts: {implicit: 0, pageLoad: 300000, script: 30000}, unhandledPromptBehavior: dismiss and notify, userAgent: Mozilla/5.0 (Windows NT 10....}\nSession ID: a9690b09-3127-4fe3-a72e-16b8e1ecdf65\r\n\tat java.base/jdk.internal.reflect.NativeConstructorAccessorImpl.newInstance0(Native Method)\r\n\tat java.base/jdk.internal.reflect.NativeConstructorAccessorImpl.newInstance(NativeConstructorAccessorImpl.java:77)\r\n\tat java.base/jdk.internal.reflect.DelegatingConstructorAccessorImpl.newInstance(DelegatingConstructorAccessorImpl.java:45)\r\n\tat java.base/java.lang.reflect.Constructor.newInstanceWithCaller(Constructor.java:499)\r\n\tat java.base/java.lang.reflect.Constructor.newInstance(Constructor.java:480)\r\n\tat org.openqa.selenium.remote.http.W3CHttpResponseCodec.createException(W3CHttpResponseCodec.java:187)\r\n\tat org.openqa.selenium.remote.http.W3CHttpResponseCodec.decode(W3CHttpResponseCodec.java:122)\r\n\tat org.openqa.selenium.remote.http.W3CHttpResponseCodec.decode(W3CHttpResponseCodec.java:49)\r\n\tat org.openqa.selenium.remote.HttpCommandExecutor.execute(HttpCommandExecutor.java:158)\r\n\tat org.openqa.selenium.remote.service.DriverCommandExecutor.execute(DriverCommandExecutor.java:83)\r\n\tat org.openqa.selenium.remote.RemoteWebDriver.execute(RemoteWebDriver.java:552)\r\n\tat org.openqa.selenium.remote.RemoteWebDriver.execute(RemoteWebDriver.java:609)\r\n\tat org.openqa.selenium.remote.RemoteWebDriver.getScreenshotAs(RemoteWebDriver.java:295)\r\n\tat com.prollo.utils.Utils.getScreenshot(Utils.java:19)\r\n\tat com.prollo.hooks.Hooks.getResultStatus(Hooks.java:45)\r\n","duration":5416000,"status":"failed"},"match":{"location":"com.prollo.hooks.Hooks.getResultStatus(io.cucumber.java.Scenario)"}}],"keyword":"When "},{"result":{"status":"skipped"},"line":6,"name":"make sure the total summary is the same as the total list data \"Client Assessment\"","match":{"arguments":[{"val":"\"Client Assessment\"","offset":63}],"location":"com.prollo.stepdefinitions.TestDashboard.make_sure_the_total_summary_is_the_same_as_the_total_list_data(java.lang.String)"},"after":[{"result":{"status":"skipped"},"match":{"location":"com.prollo.hooks.Hooks.getResultStatus(io.cucumber.java.Scenario)"}}],"keyword":"Then "},{"result":{"status":"skipped"},"line":7,"name":"select and click one of the data in the list","match":{"location":"com.prollo.stepdefinitions.TestDashboard.select_and_click_one_of_the_data_in_the_list()"},"after":[{"result":{"status":"skipped"},"match":{"location":"com.prollo.hooks.Hooks.getResultStatus(io.cucumber.java.Scenario)"}}],"keyword":"When "},{"result":{"status":"skipped"},"line":8,"name":"check detailed prospect data","match":{"location":"com.prollo.stepdefinitions.TestDashboard.check_detailed_prospect_data()"},"after":[{"result":{"status":"skipped"},"match":{"location":"com.prollo.hooks.Hooks.getResultStatus(io.cucumber.java.Scenario)"}}],"keyword":"Then "}]},{"start_timestamp":"2024-06-30T04:34:46.566Z","before":[{"result":{"duration":3065400,"status":"passed"},"match":{"location":"com.prollo.hooks.Hooks.setUp()"}}],"line":16,"name":"Check Total Progress Summary","description":"","id":"dashboard-page;check-total-progress-summary;;6","after":[{"result":{"duration":59904500,"status":"passed"},"match":{"location":"com.prollo.hooks.Hooks.endTestClass()"}}],"type":"scenario","keyword":"Scenario Outline","steps":[{"result":{"error_message":"org.openqa.selenium.WebDriverException: Failed to decode response from marionette\nBuild info: version: '3.141.59', revision: 'e82be7d358', time: '2018-11-14T08:17:03'\nSystem info: host: 'LP-UBAI-PROG', ip: '192.168.1.13', os.name: 'Windows 11', os.arch: 'amd64', os.version: '10.0', java.version: '17.0.5'\nDriver info: org.openqa.selenium.firefox.FirefoxDriver\nCapabilities {acceptInsecureCerts: true, browserName: firefox, browserVersion: 125.0.3, javascriptEnabled: true, moz:accessibilityChecks: false, moz:buildID: 20240425211020, moz:geckodriverVersion: 0.33.0, moz:headless: false, moz:platformVersion: 10.0, moz:processID: 24312, moz:profile: C:\\Users\\sqa_d\\AppData\\Loca..., moz:shutdownTimeout: 60000, moz:webdriverClick: true, moz:windowless: false, pageLoadStrategy: normal, platform: WINDOWS, platformName: WINDOWS, proxy: Proxy(), setWindowRect: true, strictFileInteractability: false, timeouts: {implicit: 0, pageLoad: 300000, script: 30000}, unhandledPromptBehavior: dismiss and notify, userAgent: Mozilla/5.0 (Windows NT 10....}\nSession ID: a9690b09-3127-4fe3-a72e-16b8e1ecdf65\n*** Element info: {Using=xpath, value=//a[@href='/xpipe/admin/dashboard']}\r\n\tat java.base/jdk.internal.reflect.NativeConstructorAccessorImpl.newInstance0(Native Method)\r\n\tat java.base/jdk.internal.reflect.NativeConstructorAccessorImpl.newInstance(NativeConstructorAccessorImpl.java:77)\r\n\tat java.base/jdk.internal.reflect.DelegatingConstructorAccessorImpl.newInstance(DelegatingConstructorAccessorImpl.java:45)\r\n\tat java.base/java.lang.reflect.Constructor.newInstanceWithCaller(Constructor.java:499)\r\n\tat java.base/java.lang.reflect.Constructor.newInstance(Constructor.java:480)\r\n\tat org.openqa.selenium.remote.http.W3CHttpResponseCodec.createException(W3CHttpResponseCodec.java:187)\r\n\tat org.openqa.selenium.remote.http.W3CHttpResponseCodec.decode(W3CHttpResponseCodec.java:122)\r\n\tat org.openqa.selenium.remote.http.W3CHttpResponseCodec.decode(W3CHttpResponseCodec.java:49)\r\n\tat org.openqa.selenium.remote.HttpCommandExecutor.execute(HttpCommandExecutor.java:158)\r\n\tat org.openqa.selenium.remote.service.DriverCommandExecutor.execute(DriverCommandExecutor.java:83)\r\n\tat org.openqa.selenium.remote.RemoteWebDriver.execute(RemoteWebDriver.java:552)\r\n\tat org.openqa.selenium.remote.RemoteWebDriver.findElement(RemoteWebDriver.java:323)\r\n\tat org.openqa.selenium.remote.RemoteWebDriver.findElementByXPath(RemoteWebDriver.java:428)\r\n\tat org.openqa.selenium.By$ByXPath.findElement(By.java:353)\r\n\tat org.openqa.selenium.remote.RemoteWebDriver.findElement(RemoteWebDriver.java:315)\r\n\tat org.openqa.selenium.support.pagefactory.DefaultElementLocator.findElement(DefaultElementLocator.java:69)\r\n\tat org.openqa.selenium.support.pagefactory.internal.LocatingElementHandler.invoke(LocatingElementHandler.java:38)\r\n\tat jdk.proxy2/jdk.proxy2.$Proxy25.click(Unknown Source)\r\n\tat com.prollo.pages.DashboardPage.clickBtnDashboard(DashboardPage.java:122)\r\n\tat com.prollo.stepdefinitions.TestDashboard.click_menu_dashboard(TestDashboard.java:30)\r\n\tat ✽.click menu dashboard(file:///D:/Automation/Project_Prollo/src/main/resources/features/02.Dashboard.feature:4)\r\n","duration":1235373000,"status":"failed"},"line":4,"name":"click menu dashboard","match":{"location":"com.prollo.stepdefinitions.TestDashboard.click_menu_dashboard()"},"after":[{"result":{"error_message":"org.openqa.selenium.NoSuchSessionException: Tried to run command without establishing a connection\nBuild info: version: '3.141.59', revision: 'e82be7d358', time: '2018-11-14T08:17:03'\nSystem info: host: 'LP-UBAI-PROG', ip: '192.168.1.13', os.name: 'Windows 11', os.arch: 'amd64', os.version: '10.0', java.version: '17.0.5'\nDriver info: org.openqa.selenium.firefox.FirefoxDriver\nCapabilities {acceptInsecureCerts: true, browserName: firefox, browserVersion: 125.0.3, javascriptEnabled: true, moz:accessibilityChecks: false, moz:buildID: 20240425211020, moz:geckodriverVersion: 0.33.0, moz:headless: false, moz:platformVersion: 10.0, moz:processID: 24312, moz:profile: C:\\Users\\sqa_d\\AppData\\Loca..., moz:shutdownTimeout: 60000, moz:webdriverClick: true, moz:windowless: false, pageLoadStrategy: normal, platform: WINDOWS, platformName: WINDOWS, proxy: Proxy(), setWindowRect: true, strictFileInteractability: false, timeouts: {implicit: 0, pageLoad: 300000, script: 30000}, unhandledPromptBehavior: dismiss and notify, userAgent: Mozilla/5.0 (Windows NT 10....}\nSession ID: a9690b09-3127-4fe3-a72e-16b8e1ecdf65\r\n\tat java.base/jdk.internal.reflect.NativeConstructorAccessorImpl.newInstance0(Native Method)\r\n\tat java.base/jdk.internal.reflect.NativeConstructorAccessorImpl.newInstance(NativeConstructorAccessorImpl.java:77)\r\n\tat java.base/jdk.internal.reflect.DelegatingConstructorAccessorImpl.newInstance(DelegatingConstructorAccessorImpl.java:45)\r\n\tat java.base/java.lang.reflect.Constructor.newInstanceWithCaller(Constructor.java:499)\r\n\tat java.base/java.lang.reflect.Constructor.newInstance(Constructor.java:480)\r\n\tat org.openqa.selenium.remote.http.W3CHttpResponseCodec.createException(W3CHttpResponseCodec.java:187)\r\n\tat org.openqa.selenium.remote.http.W3CHttpResponseCodec.decode(W3CHttpResponseCodec.java:122)\r\n\tat org.openqa.selenium.remote.http.W3CHttpResponseCodec.decode(W3CHttpResponseCodec.java:49)\r\n\tat org.openqa.selenium.remote.HttpCommandExecutor.execute(HttpCommandExecutor.java:158)\r\n\tat org.openqa.selenium.remote.service.DriverCommandExecutor.execute(DriverCommandExecutor.java:83)\r\n\tat org.openqa.selenium.remote.RemoteWebDriver.execute(RemoteWebDriver.java:552)\r\n\tat org.openqa.selenium.remote.RemoteWebDriver.execute(RemoteWebDriver.java:609)\r\n\tat org.openqa.selenium.remote.RemoteWebDriver.getScreenshotAs(RemoteWebDriver.java:295)\r\n\tat com.prollo.utils.Utils.getScreenshot(Utils.java:19)\r\n\tat com.prollo.hooks.Hooks.getResultStatus(Hooks.java:45)\r\n","status":"failed"},"match":{"location":"com.prollo.hooks.Hooks.getResultStatus(io.cucumber.java.Scenario)"}}],"keyword":"When "},{"result":{"status":"skipped"},"line":5,"name":"click summary progress \"Complete\"","match":{"arguments":[{"val":"\"Complete\"","offset":23}],"location":"com.prollo.stepdefinitions.TestDashboard.click_summary_progress(java.lang.String)"},"after":[{"result":{"status":"skipped"},"match":{"location":"com.prollo.hooks.Hooks.getResultStatus(io.cucumber.java.Scenario)"}}],"keyword":"When "},{"result":{"status":"skipped"},"line":6,"name":"make sure the total summary is the same as the total list data \"Complete\"","match":{"arguments":[{"val":"\"Complete\"","offset":63}],"location":"com.prollo.stepdefinitions.TestDashboard.make_sure_the_total_summary_is_the_same_as_the_total_list_data(java.lang.String)"},"after":[{"result":{"status":"skipped"},"match":{"location":"com.prollo.hooks.Hooks.getResultStatus(io.cucumber.java.Scenario)"}}],"keyword":"Then "},{"result":{"status":"skipped"},"line":7,"name":"select and click one of the data in the list","match":{"location":"com.prollo.stepdefinitions.TestDashboard.select_and_click_one_of_the_data_in_the_list()"},"after":[{"result":{"status":"skipped"},"match":{"location":"com.prollo.hooks.Hooks.getResultStatus(io.cucumber.java.Scenario)"}}],"keyword":"When "},{"result":{"status":"skipped"},"line":8,"name":"check detailed prospect data","match":{"location":"com.prollo.stepdefinitions.TestDashboard.check_detailed_prospect_data()"},"after":[{"result":{"status":"skipped"},"match":{"location":"com.prollo.hooks.Hooks.getResultStatus(io.cucumber.java.Scenario)"}}],"keyword":"Then "}]},{"start_timestamp":"2024-06-30T04:34:47.892Z","before":[{"result":{"status":"passed"},"match":{"location":"com.prollo.hooks.Hooks.setUp()"}}],"line":17,"name":"Check Total Progress Summary","description":"","id":"dashboard-page;check-total-progress-summary;;7","after":[{"result":{"duration":46021800,"status":"passed"},"match":{"location":"com.prollo.hooks.Hooks.endTestClass()"}}],"type":"scenario","keyword":"Scenario Outline","steps":[{"result":{"error_message":"org.openqa.selenium.NoSuchSessionException: Tried to run command without establishing a connection\nBuild info: version: '3.141.59', revision: 'e82be7d358', time: '2018-11-14T08:17:03'\nSystem info: host: 'LP-UBAI-PROG', ip: '192.168.1.13', os.name: 'Windows 11', os.arch: 'amd64', os.version: '10.0', java.version: '17.0.5'\nDriver info: org.openqa.selenium.firefox.FirefoxDriver\nCapabilities {acceptInsecureCerts: true, browserName: firefox, browserVersion: 125.0.3, javascriptEnabled: true, moz:accessibilityChecks: false, moz:buildID: 20240425211020, moz:geckodriverVersion: 0.33.0, moz:headless: false, moz:platformVersion: 10.0, moz:processID: 24312, moz:profile: C:\\Users\\sqa_d\\AppData\\Loca..., moz:shutdownTimeout: 60000, moz:webdriverClick: true, moz:windowless: false, pageLoadStrategy: normal, platform: WINDOWS, platformName: WINDOWS, proxy: Proxy(), setWindowRect: true, strictFileInteractability: false, timeouts: {implicit: 0, pageLoad: 300000, script: 30000}, unhandledPromptBehavior: dismiss and notify, userAgent: Mozilla/5.0 (Windows NT 10....}\nSession ID: a9690b09-3127-4fe3-a72e-16b8e1ecdf65\n*** Element info: {Using=xpath, value=//a[@href='/xpipe/admin/dashboard']}\r\n\tat java.base/jdk.internal.reflect.NativeConstructorAccessorImpl.newInstance0(Native Method)\r\n\tat java.base/jdk.internal.reflect.NativeConstructorAccessorImpl.newInstance(NativeConstructorAccessorImpl.java:77)\r\n\tat java.base/jdk.internal.reflect.DelegatingConstructorAccessorImpl.newInstance(DelegatingConstructorAccessorImpl.java:45)\r\n\tat java.base/java.lang.reflect.Constructor.newInstanceWithCaller(Constructor.java:499)\r\n\tat java.base/java.lang.reflect.Constructor.newInstance(Constructor.java:480)\r\n\tat org.openqa.selenium.remote.http.W3CHttpResponseCodec.createException(W3CHttpResponseCodec.java:187)\r\n\tat org.openqa.selenium.remote.http.W3CHttpResponseCodec.decode(W3CHttpResponseCodec.java:122)\r\n\tat org.openqa.selenium.remote.http.W3CHttpResponseCodec.decode(W3CHttpResponseCodec.java:49)\r\n\tat org.openqa.selenium.remote.HttpCommandExecutor.execute(HttpCommandExecutor.java:158)\r\n\tat org.openqa.selenium.remote.service.DriverCommandExecutor.execute(DriverCommandExecutor.java:83)\r\n\tat org.openqa.selenium.remote.RemoteWebDriver.execute(RemoteWebDriver.java:552)\r\n\tat org.openqa.selenium.remote.RemoteWebDriver.findElement(RemoteWebDriver.java:323)\r\n\tat org.openqa.selenium.remote.RemoteWebDriver.findElementByXPath(RemoteWebDriver.java:428)\r\n\tat org.openqa.selenium.By$ByXPath.findElement(By.java:353)\r\n\tat org.openqa.selenium.remote.RemoteWebDriver.findElement(RemoteWebDriver.java:315)\r\n\tat org.openqa.selenium.support.pagefactory.DefaultElementLocator.findElement(DefaultElementLocator.java:69)\r\n\tat org.openqa.selenium.support.pagefactory.internal.LocatingElementHandler.invoke(LocatingElementHandler.java:38)\r\n\tat jdk.proxy2/jdk.proxy2.$Proxy25.click(Unknown Source)\r\n\tat com.prollo.pages.DashboardPage.clickBtnDashboard(DashboardPage.java:122)\r\n\tat com.prollo.stepdefinitions.TestDashboard.click_menu_dashboard(TestDashboard.java:30)\r\n\tat ✽.click menu dashboard(file:///D:/Automation/Project_Prollo/src/main/resources/features/02.Dashboard.feature:4)\r\n","duration":1024346800,"status":"failed"},"line":4,"name":"click menu dashboard","match":{"location":"com.prollo.stepdefinitions.TestDashboard.click_menu_dashboard()"},"after":[{"result":{"error_message":"org.openqa.selenium.NoSuchSessionException: Tried to run command without establishing a connection\nBuild info: version: '3.141.59', revision: 'e82be7d358', time: '2018-11-14T08:17:03'\nSystem info: host: 'LP-UBAI-PROG', ip: '192.168.1.13', os.name: 'Windows 11', os.arch: 'amd64', os.version: '10.0', java.version: '17.0.5'\nDriver info: org.openqa.selenium.firefox.FirefoxDriver\nCapabilities {acceptInsecureCerts: true, browserName: firefox, browserVersion: 125.0.3, javascriptEnabled: true, moz:accessibilityChecks: false, moz:buildID: 20240425211020, moz:geckodriverVersion: 0.33.0, moz:headless: false, moz:platformVersion: 10.0, moz:processID: 24312, moz:profile: C:\\Users\\sqa_d\\AppData\\Loca..., moz:shutdownTimeout: 60000, moz:webdriverClick: true, moz:windowless: false, pageLoadStrategy: normal, platform: WINDOWS, platformName: WINDOWS, proxy: Proxy(), setWindowRect: true, strictFileInteractability: false, timeouts: {implicit: 0, pageLoad: 300000, script: 30000}, unhandledPromptBehavior: dismiss and notify, userAgent: Mozilla/5.0 (Windows NT 10....}\nSession ID: a9690b09-3127-4fe3-a72e-16b8e1ecdf65\r\n\tat java.base/jdk.internal.reflect.NativeConstructorAccessorImpl.newInstance0(Native Method)\r\n\tat java.base/jdk.internal.reflect.NativeConstructorAccessorImpl.newInstance(NativeConstructorAccessorImpl.java:77)\r\n\tat java.base/jdk.internal.reflect.DelegatingConstructorAccessorImpl.newInstance(DelegatingConstructorAccessorImpl.java:45)\r\n\tat java.base/java.lang.reflect.Constructor.newInstanceWithCaller(Constructor.java:499)\r\n\tat java.base/java.lang.reflect.Constructor.newInstance(Constructor.java:480)\r\n\tat org.openqa.selenium.remote.http.W3CHttpResponseCodec.createException(W3CHttpResponseCodec.java:187)\r\n\tat org.openqa.selenium.remote.http.W3CHttpResponseCodec.decode(W3CHttpResponseCodec.java:122)\r\n\tat org.openqa.selenium.remote.http.W3CHttpResponseCodec.decode(W3CHttpResponseCodec.java:49)\r\n\tat org.openqa.selenium.remote.HttpCommandExecutor.execute(HttpCommandExecutor.java:158)\r\n\tat org.openqa.selenium.remote.service.DriverCommandExecutor.execute(DriverCommandExecutor.java:83)\r\n\tat org.openqa.selenium.remote.RemoteWebDriver.execute(RemoteWebDriver.java:552)\r\n\tat org.openqa.selenium.remote.RemoteWebDriver.execute(RemoteWebDriver.java:609)\r\n\tat org.openqa.selenium.remote.RemoteWebDriver.getScreenshotAs(RemoteWebDriver.java:295)\r\n\tat com.prollo.utils.Utils.getScreenshot(Utils.java:19)\r\n\tat com.prollo.hooks.Hooks.getResultStatus(Hooks.java:45)\r\n","status":"failed"},"match":{"location":"com.prollo.hooks.Hooks.getResultStatus(io.cucumber.java.Scenario)"}}],"keyword":"When "},{"result":{"status":"skipped"},"line":5,"name":"click summary progress \"Client Drop\"","match":{"arguments":[{"val":"\"Client Drop\"","offset":23}],"location":"com.prollo.stepdefinitions.TestDashboard.click_summary_progress(java.lang.String)"},"after":[{"result":{"status":"skipped"},"match":{"location":"com.prollo.hooks.Hooks.getResultStatus(io.cucumber.java.Scenario)"}}],"keyword":"When "},{"result":{"status":"skipped"},"line":6,"name":"make sure the total summary is the same as the total list data \"Client Drop\"","match":{"arguments":[{"val":"\"Client Drop\"","offset":63}],"location":"com.prollo.stepdefinitions.TestDashboard.make_sure_the_total_summary_is_the_same_as_the_total_list_data(java.lang.String)"},"after":[{"result":{"status":"skipped"},"match":{"location":"com.prollo.hooks.Hooks.getResultStatus(io.cucumber.java.Scenario)"}}],"keyword":"Then "},{"result":{"status":"skipped"},"line":7,"name":"select and click one of the data in the list","match":{"location":"com.prollo.stepdefinitions.TestDashboard.select_and_click_one_of_the_data_in_the_list()"},"after":[{"result":{"status":"skipped"},"match":{"location":"com.prollo.hooks.Hooks.getResultStatus(io.cucumber.java.Scenario)"}}],"keyword":"When "},{"result":{"status":"skipped"},"line":8,"name":"check detailed prospect data","match":{"location":"com.prollo.stepdefinitions.TestDashboard.check_detailed_prospect_data()"},"after":[{"result":{"status":"skipped"},"match":{"location":"com.prollo.hooks.Hooks.getResultStatus(io.cucumber.java.Scenario)"}}],"keyword":"Then "}]}],"name":"Dashboard Page","description":"","id":"dashboard-page","keyword":"Feature","uri":"file:src/main/resources/features/02.Dashboard.feature","tags":[]},{"line":1,"elements":[{"start_timestamp":"2024-06-30T04:34:51.035Z","line":2,"name":"Failure while executing Cucumber","description":"","id":"failure;failure-while-executing-cucumber","type":"scenario","keyword":"Scenario","steps":[{"result":{"duration":0,"status":"passed"},"line":3,"name":"Cucumber failed while executing","match":{"arguments":[],"location":"io.cucumber.core.Failure.failure_while_executing_cucumber()"},"keyword":"When "},{"result":{"duration":0,"error_message":"org.openqa.selenium.NoSuchSessionException: Tried to run command without establishing a connection\nBuild info: version: '3.141.59', revision: 'e82be7d358', time: '2018-11-14T08:17:03'\nSystem info: host: 'LP-UBAI-PROG', ip: '192.168.1.13', os.name: 'Windows 11', os.arch: 'amd64', os.version: '10.0', java.version: '17.0.5'\nDriver info: org.openqa.selenium.firefox.FirefoxDriver\nCapabilities {acceptInsecureCerts: true, browserName: firefox, browserVersion: 125.0.3, javascriptEnabled: true, moz:accessibilityChecks: false, moz:buildID: 20240425211020, moz:geckodriverVersion: 0.33.0, moz:headless: false, moz:platformVersion: 10.0, moz:processID: 24312, moz:profile: C:\\Users\\sqa_d\\AppData\\Loca..., moz:shutdownTimeout: 60000, moz:webdriverClick: true, moz:windowless: false, pageLoadStrategy: normal, platform: WINDOWS, platformName: WINDOWS, proxy: Proxy(), setWindowRect: true, strictFileInteractability: false, timeouts: {implicit: 0, pageLoad: 300000, script: 30000}, unhandledPromptBehavior: dismiss and notify, userAgent: Mozilla/5.0 (Windows NT 10....}\nSession ID: a9690b09-3127-4fe3-a72e-16b8e1ecdf65\r\n\tat java.base/jdk.internal.reflect.NativeConstructorAccessorImpl.newInstance0(Native Method)\r\n\tat java.base/jdk.internal.reflect.NativeConstructorAccessorImpl.newInstance(NativeConstructorAccessorImpl.java:77)\r\n\tat java.base/jdk.internal.reflect.DelegatingConstructorAccessorImpl.newInstance(DelegatingConstructorAccessorImpl.java:45)\r\n\tat java.base/java.lang.reflect.Constructor.newInstanceWithCaller(Constructor.java:499)\r\n\tat java.base/java.lang.reflect.Constructor.newInstance(Constructor.java:480)\r\n\tat org.openqa.selenium.remote.http.W3CHttpResponseCodec.createException(W3CHttpResponseCodec.java:187)\r\n\tat org.openqa.selenium.remote.http.W3CHttpResponseCodec.decode(W3CHttpResponseCodec.java:122)\r\n\tat org.openqa.selenium.remote.http.W3CHttpResponseCodec.decode(W3CHttpResponseCodec.java:49)\r\n\tat org.openqa.selenium.remote.HttpCommandExecutor.execute(HttpCommandExecutor.java:158)\r\n\tat org.openqa.selenium.remote.service.DriverCommandExecutor.execute(DriverCommandExecutor.java:83)\r\n\tat org.openqa.selenium.remote.RemoteWebDriver.execute(RemoteWebDriver.java:552)\r\n\tat org.openqa.selenium.remote.RemoteWebDriver.execute(RemoteWebDriver.java:609)\r\n\tat org.openqa.selenium.remote.RemoteWebDriver.quit(RemoteWebDriver.java:452)\r\n\tat com.prollo.drivers.DriverSingleton.closeObjectInstance(DriverSingleton.java:35)\r\n\tat com.prollo.hooks.Hooks.tearDown(Hooks.java:54)\r\n","status":"failed"},"line":4,"name":"Cucumber will report this error:","match":{"arguments":[],"location":"io.cucumber.core.Failure.cucumber_reports_this_error()"},"keyword":"Then "}]}],"name":"Test run failed","description":"There were errors during the execution","id":"failure","keyword":"Feature","uri":"classpath:io/cucumber/core/failure.feature","tags":[]}]